2024-05-29 11:40:43,752 - __main__ - DEBUG - This is a DEBUG message
2024-05-29 11:40:43,752 - __main__ - INFO - This is an INFO message
2024-05-29 11:40:43,752 - __main__ - WARNING - This is a WARNING message
2024-05-29 11:40:43,752 - __main__ - ERROR - This is an ERROR message
2024-05-29 11:40:43,752 - __main__ - CRITICAL - This is a CRITICAL message
2024-05-29 11:40:53,008 - __main__ - INFO - This is an INFO message
2024-05-29 11:40:53,008 - __main__ - WARNING - This is a WARNING message
2024-05-29 11:40:53,008 - __main__ - ERROR - This is an ERROR message
2024-05-29 11:40:53,008 - __main__ - CRITICAL - This is a CRITICAL message
2024-05-29 11:41:00,502 - __main__ - ERROR - This is an ERROR message
2024-05-29 11:41:00,502 - __main__ - CRITICAL - This is a CRITICAL message
2024-05-29 12:05:21,570 - __main__ - DEBUG - This is a DEBUG message
2024-05-29 12:05:21,571 - __main__ - INFO - This is an INFO message
2024-05-29 12:05:21,571 - __main__ - WARNING - This is a WARNING message
2024-05-29 12:05:21,571 - __main__ - ERROR - This is an ERROR message
2024-05-29 12:05:21,571 - __main__ - CRITICAL - This is a CRITICAL message
2024-05-29 12:05:37,731 - __main__ - CRITICAL - This is a CRITICAL message
2024-05-29 12:06:10,081 - __main__ - WARNING - This is a WARNING message
2024-05-29 12:06:10,081 - __main__ - ERROR - This is an ERROR message
2024-05-29 12:06:10,081 - __main__ - CRITICAL - This is a CRITICAL message
